<?xml version="1.0" encoding="UTF-8"?>
<!-- Generated by org.testng.reporters.JUnitReportReporter -->
<testsuite skipped="0" hostname="LAPTOP-LJILQEDE" name="com.project.App" tests="1" failures="0" timestamp="10 Nov 2019 14:16:29 GMT" time="12.761" errors="0">
  <testcase name="Mytest" time="12.761" classname="com.project.App"/>
</testsuite> <!-- com.project.App -->
