<?xml version="1.0" encoding="UTF-8"?>
<!-- Generated by org.testng.reporters.JUnitReportReporter -->
<testsuite skipped="0" hostname="LAPTOP-LJILQEDE" name="com.project.App" tests="1" failures="0" timestamp="13 Nov 2019 15:24:57 GMT" time="52.161" errors="0">
  <testcase name="Mytest" time="52.161" classname="com.project.App"/>
</testsuite> <!-- com.project.App -->
